WARNING:py.warnings:/home/rafaelraposo/.local/lib/python3.10/site-packages/sklearn/metrics/_regression.py:918: UndefinedMetricWarning: R^2 score is not well-defined with less than two samples.
  warnings.warn(msg, UndefinedMetricWarning)

WARNING:py.warnings:/home/rafaelraposo/.local/lib/python3.10/site-packages/statsmodels/base/model.py:604: ConvergenceWarning: Maximum Likelihood optimization failed to converge. Check mle_retvals
  warnings.warn("Maximum Likelihood optimization failed to "

WARNING:py.warnings:/home/rafaelraposo/.local/lib/python3.10/site-packages/sklearn/metrics/_regression.py:918: UndefinedMetricWarning: R^2 score is not well-defined with less than two samples.
  warnings.warn(msg, UndefinedMetricWarning)

WARNING:py.warnings:/home/rafaelraposo/.local/lib/python3.10/site-packages/statsmodels/base/model.py:604: ConvergenceWarning: Maximum Likelihood optimization failed to converge. Check mle_retvals
  warnings.warn("Maximum Likelihood optimization failed to "

WARNING:py.warnings:/home/rafaelraposo/.local/lib/python3.10/site-packages/statsmodels/base/model.py:604: ConvergenceWarning: Maximum Likelihood optimization failed to converge. Check mle_retvals
  warnings.warn("Maximum Likelihood optimization failed to "

WARNING:py.warnings:/home/rafaelraposo/.local/lib/python3.10/site-packages/sklearn/metrics/_regression.py:918: UndefinedMetricWarning: R^2 score is not well-defined with less than two samples.
  warnings.warn(msg, UndefinedMetricWarning)

WARNING:py.warnings:/home/rafaelraposo/.local/lib/python3.10/site-packages/statsmodels/base/model.py:604: ConvergenceWarning: Maximum Likelihood optimization failed to converge. Check mle_retvals
  warnings.warn("Maximum Likelihood optimization failed to "

WARNING:py.warnings:/home/rafaelraposo/.local/lib/python3.10/site-packages/statsmodels/base/model.py:604: ConvergenceWarning: Maximum Likelihood optimization failed to converge. Check mle_retvals
  warnings.warn("Maximum Likelihood optimization failed to "

WARNING:py.warnings:/home/rafaelraposo/.local/lib/python3.10/site-packages/sklearn/metrics/_regression.py:918: UndefinedMetricWarning: R^2 score is not well-defined with less than two samples.
  warnings.warn(msg, UndefinedMetricWarning)

WARNING:py.warnings:/home/rafaelraposo/.local/lib/python3.10/site-packages/statsmodels/base/model.py:604: ConvergenceWarning: Maximum Likelihood optimization failed to converge. Check mle_retvals
  warnings.warn("Maximum Likelihood optimization failed to "

WARNING:py.warnings:/home/rafaelraposo/.local/lib/python3.10/site-packages/statsmodels/tsa/statespace/sarimax.py:866: UserWarning: Too few observations to estimate starting parameters for ARMA and trend. All parameters except for variances will be set to zeros.
  warn('Too few observations to estimate starting parameters%s.'

WARNING:py.warnings:/home/rafaelraposo/.local/lib/python3.10/site-packages/statsmodels/tsa/statespace/sarimax.py:866: UserWarning: Too few observations to estimate starting parameters for seasonal ARMA. All parameters except for variances will be set to zeros.
  warn('Too few observations to estimate starting parameters%s.'

WARNING:py.warnings:/home/rafaelraposo/.local/lib/python3.10/site-packages/sklearn/metrics/_regression.py:918: UndefinedMetricWarning: R^2 score is not well-defined with less than two samples.
  warnings.warn(msg, UndefinedMetricWarning)

WARNING:py.warnings:/home/rafaelraposo/.local/lib/python3.10/site-packages/statsmodels/tsa/statespace/sarimax.py:866: UserWarning: Too few observations to estimate starting parameters for ARMA and trend. All parameters except for variances will be set to zeros.
  warn('Too few observations to estimate starting parameters%s.'

WARNING:py.warnings:/home/rafaelraposo/.local/lib/python3.10/site-packages/statsmodels/tsa/statespace/sarimax.py:866: UserWarning: Too few observations to estimate starting parameters for seasonal ARMA. All parameters except for variances will be set to zeros.
  warn('Too few observations to estimate starting parameters%s.'

WARNING:py.warnings:/home/rafaelraposo/.local/lib/python3.10/site-packages/statsmodels/tools/eval_measures.py:406: RuntimeWarning: invalid value encountered in log
  return -2.0 * llf + np.log(nobs) * df_modelwc

WARNING:py.warnings:/home/rafaelraposo/.local/lib/python3.10/site-packages/statsmodels/tools/eval_measures.py:431: RuntimeWarning: invalid value encountered in log
  return -2.0 * llf + 2 * np.log(np.log(nobs)) * df_modelwc

WARNING:py.warnings:/home/rafaelraposo/.local/lib/python3.10/site-packages/statsmodels/tsa/statespace/mlemodel.py:2979: RuntimeWarning: divide by zero encountered in divide
  return self.params / self.bse

WARNING:py.warnings:/home/rafaelraposo/.local/lib/python3.10/site-packages/statsmodels/tsa/statespace/mlemodel.py:2979: RuntimeWarning: invalid value encountered in divide
  return self.params / self.bse

WARNING:py.warnings:/home/rafaelraposo/.local/lib/python3.10/site-packages/statsmodels/tsa/stattools.py:467: RuntimeWarning: Mean of empty slice.
  xo = x - x.mean()

WARNING:py.warnings:/home/rafaelraposo/.local/lib/python3.10/site-packages/numpy/core/_methods.py:190: RuntimeWarning: invalid value encountered in double_scalars
  ret = ret.dtype.type(ret / rcount)

WARNING:py.warnings:/home/rafaelraposo/.local/lib/python3.10/site-packages/statsmodels/tsa/stattools.py:467: RuntimeWarning: Mean of empty slice.
  xo = x - x.mean()

WARNING:py.warnings:/home/rafaelraposo/.local/lib/python3.10/site-packages/numpy/core/_methods.py:190: RuntimeWarning: invalid value encountered in double_scalars
  ret = ret.dtype.type(ret / rcount)

WARNING:py.warnings:/home/rafaelraposo/.local/lib/python3.10/site-packages/statsmodels/tsa/statespace/sarimax.py:866: UserWarning: Too few observations to estimate starting parameters for ARMA and trend. All parameters except for variances will be set to zeros.
  warn('Too few observations to estimate starting parameters%s.'

WARNING:py.warnings:/home/rafaelraposo/.local/lib/python3.10/site-packages/statsmodels/tsa/statespace/sarimax.py:866: UserWarning: Too few observations to estimate starting parameters for seasonal ARMA. All parameters except for variances will be set to zeros.
  warn('Too few observations to estimate starting parameters%s.'

WARNING:py.warnings:/home/rafaelraposo/.local/lib/python3.10/site-packages/sklearn/metrics/_regression.py:918: UndefinedMetricWarning: R^2 score is not well-defined with less than two samples.
  warnings.warn(msg, UndefinedMetricWarning)

WARNING:py.warnings:/home/rafaelraposo/.local/lib/python3.10/site-packages/statsmodels/tsa/statespace/sarimax.py:866: UserWarning: Too few observations to estimate starting parameters for ARMA and trend. All parameters except for variances will be set to zeros.
  warn('Too few observations to estimate starting parameters%s.'

WARNING:py.warnings:/home/rafaelraposo/.local/lib/python3.10/site-packages/statsmodels/tsa/statespace/sarimax.py:866: UserWarning: Too few observations to estimate starting parameters for seasonal ARMA. All parameters except for variances will be set to zeros.
  warn('Too few observations to estimate starting parameters%s.'

WARNING:py.warnings:/home/rafaelraposo/.local/lib/python3.10/site-packages/statsmodels/tools/eval_measures.py:406: RuntimeWarning: invalid value encountered in log
  return -2.0 * llf + np.log(nobs) * df_modelwc

WARNING:py.warnings:/home/rafaelraposo/.local/lib/python3.10/site-packages/statsmodels/tools/eval_measures.py:431: RuntimeWarning: invalid value encountered in log
  return -2.0 * llf + 2 * np.log(np.log(nobs)) * df_modelwc

WARNING:py.warnings:/home/rafaelraposo/.local/lib/python3.10/site-packages/statsmodels/tsa/statespace/mlemodel.py:2979: RuntimeWarning: divide by zero encountered in divide
  return self.params / self.bse

WARNING:py.warnings:/home/rafaelraposo/.local/lib/python3.10/site-packages/statsmodels/tsa/statespace/mlemodel.py:2979: RuntimeWarning: invalid value encountered in divide
  return self.params / self.bse

WARNING:py.warnings:/home/rafaelraposo/.local/lib/python3.10/site-packages/statsmodels/tsa/stattools.py:467: RuntimeWarning: Mean of empty slice.
  xo = x - x.mean()

WARNING:py.warnings:/home/rafaelraposo/.local/lib/python3.10/site-packages/numpy/core/_methods.py:190: RuntimeWarning: invalid value encountered in double_scalars
  ret = ret.dtype.type(ret / rcount)

WARNING:py.warnings:/home/rafaelraposo/.local/lib/python3.10/site-packages/statsmodels/tsa/stattools.py:467: RuntimeWarning: Mean of empty slice.
  xo = x - x.mean()

WARNING:py.warnings:/home/rafaelraposo/.local/lib/python3.10/site-packages/numpy/core/_methods.py:190: RuntimeWarning: invalid value encountered in double_scalars
  ret = ret.dtype.type(ret / rcount)

WARNING:py.warnings:/home/rafaelraposo/.local/lib/python3.10/site-packages/statsmodels/tsa/statespace/sarimax.py:866: UserWarning: Too few observations to estimate starting parameters for ARMA and trend. All parameters except for variances will be set to zeros.
  warn('Too few observations to estimate starting parameters%s.'

WARNING:py.warnings:/home/rafaelraposo/.local/lib/python3.10/site-packages/statsmodels/tsa/statespace/sarimax.py:866: UserWarning: Too few observations to estimate starting parameters for seasonal ARMA. All parameters except for variances will be set to zeros.
  warn('Too few observations to estimate starting parameters%s.'

WARNING:py.warnings:/home/rafaelraposo/.local/lib/python3.10/site-packages/sklearn/metrics/_regression.py:918: UndefinedMetricWarning: R^2 score is not well-defined with less than two samples.
  warnings.warn(msg, UndefinedMetricWarning)

WARNING:py.warnings:/home/rafaelraposo/.local/lib/python3.10/site-packages/statsmodels/tsa/statespace/sarimax.py:866: UserWarning: Too few observations to estimate starting parameters for ARMA and trend. All parameters except for variances will be set to zeros.
  warn('Too few observations to estimate starting parameters%s.'

WARNING:py.warnings:/home/rafaelraposo/.local/lib/python3.10/site-packages/statsmodels/tsa/statespace/sarimax.py:866: UserWarning: Too few observations to estimate starting parameters for seasonal ARMA. All parameters except for variances will be set to zeros.
  warn('Too few observations to estimate starting parameters%s.'

WARNING:py.warnings:/home/rafaelraposo/.local/lib/python3.10/site-packages/statsmodels/tools/eval_measures.py:406: RuntimeWarning: invalid value encountered in log
  return -2.0 * llf + np.log(nobs) * df_modelwc

WARNING:py.warnings:/home/rafaelraposo/.local/lib/python3.10/site-packages/statsmodels/tools/eval_measures.py:431: RuntimeWarning: invalid value encountered in log
  return -2.0 * llf + 2 * np.log(np.log(nobs)) * df_modelwc

WARNING:py.warnings:/home/rafaelraposo/.local/lib/python3.10/site-packages/statsmodels/tsa/statespace/mlemodel.py:2979: RuntimeWarning: divide by zero encountered in divide
  return self.params / self.bse

WARNING:py.warnings:/home/rafaelraposo/.local/lib/python3.10/site-packages/statsmodels/tsa/statespace/mlemodel.py:2979: RuntimeWarning: invalid value encountered in divide
  return self.params / self.bse

WARNING:py.warnings:/home/rafaelraposo/.local/lib/python3.10/site-packages/statsmodels/tsa/stattools.py:467: RuntimeWarning: Mean of empty slice.
  xo = x - x.mean()

WARNING:py.warnings:/home/rafaelraposo/.local/lib/python3.10/site-packages/numpy/core/_methods.py:190: RuntimeWarning: invalid value encountered in double_scalars
  ret = ret.dtype.type(ret / rcount)

WARNING:py.warnings:/home/rafaelraposo/.local/lib/python3.10/site-packages/statsmodels/tsa/stattools.py:467: RuntimeWarning: Mean of empty slice.
  xo = x - x.mean()

WARNING:py.warnings:/home/rafaelraposo/.local/lib/python3.10/site-packages/numpy/core/_methods.py:190: RuntimeWarning: invalid value encountered in double_scalars
  ret = ret.dtype.type(ret / rcount)

WARNING:py.warnings:/home/rafaelraposo/.local/lib/python3.10/site-packages/statsmodels/tsa/statespace/sarimax.py:866: UserWarning: Too few observations to estimate starting parameters for ARMA and trend. All parameters except for variances will be set to zeros.
  warn('Too few observations to estimate starting parameters%s.'

WARNING:py.warnings:/home/rafaelraposo/.local/lib/python3.10/site-packages/statsmodels/tsa/statespace/sarimax.py:866: UserWarning: Too few observations to estimate starting parameters for seasonal ARMA. All parameters except for variances will be set to zeros.
  warn('Too few observations to estimate starting parameters%s.'

WARNING:py.warnings:/home/rafaelraposo/.local/lib/python3.10/site-packages/sklearn/metrics/_regression.py:918: UndefinedMetricWarning: R^2 score is not well-defined with less than two samples.
  warnings.warn(msg, UndefinedMetricWarning)

WARNING:py.warnings:/home/rafaelraposo/.local/lib/python3.10/site-packages/statsmodels/tsa/statespace/sarimax.py:866: UserWarning: Too few observations to estimate starting parameters for ARMA and trend. All parameters except for variances will be set to zeros.
  warn('Too few observations to estimate starting parameters%s.'

WARNING:py.warnings:/home/rafaelraposo/.local/lib/python3.10/site-packages/statsmodels/tsa/statespace/sarimax.py:866: UserWarning: Too few observations to estimate starting parameters for seasonal ARMA. All parameters except for variances will be set to zeros.
  warn('Too few observations to estimate starting parameters%s.'

WARNING:py.warnings:/home/rafaelraposo/.local/lib/python3.10/site-packages/statsmodels/tools/eval_measures.py:406: RuntimeWarning: invalid value encountered in log
  return -2.0 * llf + np.log(nobs) * df_modelwc

WARNING:py.warnings:/home/rafaelraposo/.local/lib/python3.10/site-packages/statsmodels/tools/eval_measures.py:431: RuntimeWarning: invalid value encountered in log
  return -2.0 * llf + 2 * np.log(np.log(nobs)) * df_modelwc

WARNING:py.warnings:/home/rafaelraposo/.local/lib/python3.10/site-packages/statsmodels/tsa/statespace/mlemodel.py:2979: RuntimeWarning: divide by zero encountered in divide
  return self.params / self.bse

WARNING:py.warnings:/home/rafaelraposo/.local/lib/python3.10/site-packages/statsmodels/tsa/statespace/mlemodel.py:2979: RuntimeWarning: invalid value encountered in divide
  return self.params / self.bse

WARNING:py.warnings:/home/rafaelraposo/.local/lib/python3.10/site-packages/statsmodels/tsa/stattools.py:467: RuntimeWarning: Mean of empty slice.
  xo = x - x.mean()

WARNING:py.warnings:/home/rafaelraposo/.local/lib/python3.10/site-packages/numpy/core/_methods.py:190: RuntimeWarning: invalid value encountered in double_scalars
  ret = ret.dtype.type(ret / rcount)

WARNING:py.warnings:/home/rafaelraposo/.local/lib/python3.10/site-packages/statsmodels/tsa/stattools.py:467: RuntimeWarning: Mean of empty slice.
  xo = x - x.mean()

WARNING:py.warnings:/home/rafaelraposo/.local/lib/python3.10/site-packages/numpy/core/_methods.py:190: RuntimeWarning: invalid value encountered in double_scalars
  ret = ret.dtype.type(ret / rcount)

WARNING:py.warnings:/home/rafaelraposo/.local/lib/python3.10/site-packages/statsmodels/base/model.py:604: ConvergenceWarning: Maximum Likelihood optimization failed to converge. Check mle_retvals
  warnings.warn("Maximum Likelihood optimization failed to "

WARNING:py.warnings:/home/rafaelraposo/.local/lib/python3.10/site-packages/sklearn/metrics/_regression.py:918: UndefinedMetricWarning: R^2 score is not well-defined with less than two samples.
  warnings.warn(msg, UndefinedMetricWarning)

WARNING:py.warnings:/home/rafaelraposo/.local/lib/python3.10/site-packages/statsmodels/base/model.py:604: ConvergenceWarning: Maximum Likelihood optimization failed to converge. Check mle_retvals
  warnings.warn("Maximum Likelihood optimization failed to "

WARNING:py.warnings:/home/rafaelraposo/.local/lib/python3.10/site-packages/statsmodels/base/model.py:604: ConvergenceWarning: Maximum Likelihood optimization failed to converge. Check mle_retvals
  warnings.warn("Maximum Likelihood optimization failed to "

WARNING:py.warnings:/home/rafaelraposo/.local/lib/python3.10/site-packages/sklearn/metrics/_regression.py:918: UndefinedMetricWarning: R^2 score is not well-defined with less than two samples.
  warnings.warn(msg, UndefinedMetricWarning)

WARNING:py.warnings:/home/rafaelraposo/.local/lib/python3.10/site-packages/statsmodels/base/model.py:604: ConvergenceWarning: Maximum Likelihood optimization failed to converge. Check mle_retvals
  warnings.warn("Maximum Likelihood optimization failed to "

WARNING:py.warnings:/home/rafaelraposo/.local/lib/python3.10/site-packages/statsmodels/base/model.py:604: ConvergenceWarning: Maximum Likelihood optimization failed to converge. Check mle_retvals
  warnings.warn("Maximum Likelihood optimization failed to "

WARNING:py.warnings:/home/rafaelraposo/.local/lib/python3.10/site-packages/sklearn/metrics/_regression.py:918: UndefinedMetricWarning: R^2 score is not well-defined with less than two samples.
  warnings.warn(msg, UndefinedMetricWarning)

WARNING:py.warnings:/home/rafaelraposo/.local/lib/python3.10/site-packages/statsmodels/base/model.py:604: ConvergenceWarning: Maximum Likelihood optimization failed to converge. Check mle_retvals
  warnings.warn("Maximum Likelihood optimization failed to "

WARNING:py.warnings:/home/rafaelraposo/.local/lib/python3.10/site-packages/statsmodels/base/model.py:604: ConvergenceWarning: Maximum Likelihood optimization failed to converge. Check mle_retvals
  warnings.warn("Maximum Likelihood optimization failed to "

WARNING:py.warnings:/home/rafaelraposo/.local/lib/python3.10/site-packages/sklearn/metrics/_regression.py:918: UndefinedMetricWarning: R^2 score is not well-defined with less than two samples.
  warnings.warn(msg, UndefinedMetricWarning)

WARNING:py.warnings:/home/rafaelraposo/.local/lib/python3.10/site-packages/statsmodels/base/model.py:604: ConvergenceWarning: Maximum Likelihood optimization failed to converge. Check mle_retvals
  warnings.warn("Maximum Likelihood optimization failed to "

WARNING:py.warnings:/home/rafaelraposo/.local/lib/python3.10/site-packages/statsmodels/base/model.py:604: ConvergenceWarning: Maximum Likelihood optimization failed to converge. Check mle_retvals
  warnings.warn("Maximum Likelihood optimization failed to "

WARNING:py.warnings:/home/rafaelraposo/.local/lib/python3.10/site-packages/sklearn/metrics/_regression.py:918: UndefinedMetricWarning: R^2 score is not well-defined with less than two samples.
  warnings.warn(msg, UndefinedMetricWarning)

WARNING:py.warnings:/home/rafaelraposo/.local/lib/python3.10/site-packages/statsmodels/base/model.py:604: ConvergenceWarning: Maximum Likelihood optimization failed to converge. Check mle_retvals
  warnings.warn("Maximum Likelihood optimization failed to "

WARNING:py.warnings:/home/rafaelraposo/.local/lib/python3.10/site-packages/statsmodels/base/model.py:604: ConvergenceWarning: Maximum Likelihood optimization failed to converge. Check mle_retvals
  warnings.warn("Maximum Likelihood optimization failed to "

WARNING:py.warnings:/home/rafaelraposo/.local/lib/python3.10/site-packages/sklearn/metrics/_regression.py:918: UndefinedMetricWarning: R^2 score is not well-defined with less than two samples.
  warnings.warn(msg, UndefinedMetricWarning)

WARNING:py.warnings:/home/rafaelraposo/.local/lib/python3.10/site-packages/statsmodels/base/model.py:604: ConvergenceWarning: Maximum Likelihood optimization failed to converge. Check mle_retvals
  warnings.warn("Maximum Likelihood optimization failed to "

WARNING:py.warnings:/home/rafaelraposo/.local/lib/python3.10/site-packages/statsmodels/base/model.py:604: ConvergenceWarning: Maximum Likelihood optimization failed to converge. Check mle_retvals
  warnings.warn("Maximum Likelihood optimization failed to "

WARNING:py.warnings:/home/rafaelraposo/.local/lib/python3.10/site-packages/sklearn/metrics/_regression.py:918: UndefinedMetricWarning: R^2 score is not well-defined with less than two samples.
  warnings.warn(msg, UndefinedMetricWarning)

WARNING:py.warnings:/home/rafaelraposo/.local/lib/python3.10/site-packages/statsmodels/base/model.py:604: ConvergenceWarning: Maximum Likelihood optimization failed to converge. Check mle_retvals
  warnings.warn("Maximum Likelihood optimization failed to "

WARNING:py.warnings:/home/rafaelraposo/.local/lib/python3.10/site-packages/statsmodels/base/model.py:604: ConvergenceWarning: Maximum Likelihood optimization failed to converge. Check mle_retvals
  warnings.warn("Maximum Likelihood optimization failed to "

WARNING:py.warnings:/home/rafaelraposo/.local/lib/python3.10/site-packages/sklearn/metrics/_regression.py:918: UndefinedMetricWarning: R^2 score is not well-defined with less than two samples.
  warnings.warn(msg, UndefinedMetricWarning)

WARNING:py.warnings:/home/rafaelraposo/.local/lib/python3.10/site-packages/statsmodels/base/model.py:604: ConvergenceWarning: Maximum Likelihood optimization failed to converge. Check mle_retvals
  warnings.warn("Maximum Likelihood optimization failed to "

WARNING:py.warnings:/home/rafaelraposo/.local/lib/python3.10/site-packages/statsmodels/base/model.py:604: ConvergenceWarning: Maximum Likelihood optimization failed to converge. Check mle_retvals
  warnings.warn("Maximum Likelihood optimization failed to "

WARNING:py.warnings:/home/rafaelraposo/.local/lib/python3.10/site-packages/sklearn/metrics/_regression.py:918: UndefinedMetricWarning: R^2 score is not well-defined with less than two samples.
  warnings.warn(msg, UndefinedMetricWarning)

WARNING:py.warnings:/home/rafaelraposo/.local/lib/python3.10/site-packages/statsmodels/base/model.py:604: ConvergenceWarning: Maximum Likelihood optimization failed to converge. Check mle_retvals
  warnings.warn("Maximum Likelihood optimization failed to "

WARNING:py.warnings:/home/rafaelraposo/.local/lib/python3.10/site-packages/statsmodels/base/model.py:604: ConvergenceWarning: Maximum Likelihood optimization failed to converge. Check mle_retvals
  warnings.warn("Maximum Likelihood optimization failed to "

WARNING:py.warnings:/home/rafaelraposo/.local/lib/python3.10/site-packages/sklearn/metrics/_regression.py:918: UndefinedMetricWarning: R^2 score is not well-defined with less than two samples.
  warnings.warn(msg, UndefinedMetricWarning)

WARNING:py.warnings:/home/rafaelraposo/.local/lib/python3.10/site-packages/statsmodels/base/model.py:604: ConvergenceWarning: Maximum Likelihood optimization failed to converge. Check mle_retvals
  warnings.warn("Maximum Likelihood optimization failed to "

WARNING:py.warnings:/home/rafaelraposo/.local/lib/python3.10/site-packages/statsmodels/base/model.py:604: ConvergenceWarning: Maximum Likelihood optimization failed to converge. Check mle_retvals
  warnings.warn("Maximum Likelihood optimization failed to "

WARNING:py.warnings:/home/rafaelraposo/.local/lib/python3.10/site-packages/sklearn/metrics/_regression.py:918: UndefinedMetricWarning: R^2 score is not well-defined with less than two samples.
  warnings.warn(msg, UndefinedMetricWarning)

WARNING:py.warnings:/home/rafaelraposo/.local/lib/python3.10/site-packages/statsmodels/base/model.py:604: ConvergenceWarning: Maximum Likelihood optimization failed to converge. Check mle_retvals
  warnings.warn("Maximum Likelihood optimization failed to "

WARNING:py.warnings:/home/rafaelraposo/.local/lib/python3.10/site-packages/statsmodels/base/model.py:604: ConvergenceWarning: Maximum Likelihood optimization failed to converge. Check mle_retvals
  warnings.warn("Maximum Likelihood optimization failed to "

WARNING:py.warnings:/home/rafaelraposo/.local/lib/python3.10/site-packages/sklearn/metrics/_regression.py:918: UndefinedMetricWarning: R^2 score is not well-defined with less than two samples.
  warnings.warn(msg, UndefinedMetricWarning)

WARNING:py.warnings:/home/rafaelraposo/.local/lib/python3.10/site-packages/statsmodels/base/model.py:604: ConvergenceWarning: Maximum Likelihood optimization failed to converge. Check mle_retvals
  warnings.warn("Maximum Likelihood optimization failed to "

WARNING:py.warnings:/home/rafaelraposo/.local/lib/python3.10/site-packages/statsmodels/base/model.py:604: ConvergenceWarning: Maximum Likelihood optimization failed to converge. Check mle_retvals
  warnings.warn("Maximum Likelihood optimization failed to "

WARNING:py.warnings:/home/rafaelraposo/.local/lib/python3.10/site-packages/sklearn/metrics/_regression.py:918: UndefinedMetricWarning: R^2 score is not well-defined with less than two samples.
  warnings.warn(msg, UndefinedMetricWarning)

WARNING:py.warnings:/home/rafaelraposo/.local/lib/python3.10/site-packages/statsmodels/base/model.py:604: ConvergenceWarning: Maximum Likelihood optimization failed to converge. Check mle_retvals
  warnings.warn("Maximum Likelihood optimization failed to "

WARNING:py.warnings:/home/rafaelraposo/.local/lib/python3.10/site-packages/statsmodels/base/model.py:604: ConvergenceWarning: Maximum Likelihood optimization failed to converge. Check mle_retvals
  warnings.warn("Maximum Likelihood optimization failed to "

WARNING:py.warnings:/home/rafaelraposo/.local/lib/python3.10/site-packages/sklearn/metrics/_regression.py:918: UndefinedMetricWarning: R^2 score is not well-defined with less than two samples.
  warnings.warn(msg, UndefinedMetricWarning)

WARNING:py.warnings:/home/rafaelraposo/.local/lib/python3.10/site-packages/statsmodels/base/model.py:604: ConvergenceWarning: Maximum Likelihood optimization failed to converge. Check mle_retvals
  warnings.warn("Maximum Likelihood optimization failed to "

WARNING:py.warnings:/home/rafaelraposo/.local/lib/python3.10/site-packages/statsmodels/base/model.py:604: ConvergenceWarning: Maximum Likelihood optimization failed to converge. Check mle_retvals
  warnings.warn("Maximum Likelihood optimization failed to "

WARNING:py.warnings:/home/rafaelraposo/.local/lib/python3.10/site-packages/sklearn/metrics/_regression.py:918: UndefinedMetricWarning: R^2 score is not well-defined with less than two samples.
  warnings.warn(msg, UndefinedMetricWarning)

WARNING:py.warnings:/home/rafaelraposo/.local/lib/python3.10/site-packages/statsmodels/base/model.py:604: ConvergenceWarning: Maximum Likelihood optimization failed to converge. Check mle_retvals
  warnings.warn("Maximum Likelihood optimization failed to "

